<?xml version="1.0" encoding="UTF-8"?>
<coverage generated="1678911130897" clover="3.2.0">
  <project time***REMOVED***amp="1678911130897" name="All files">
    <metrics ***REMOVED***atements="241" covered***REMOVED***atements="102" conditionals="35" coveredconditionals="11" methods="27" coveredmethods="12" elements="303" coveredelements="125" complexity="0" loc="241" ncloc="241" packages="6" files="13" classes="13"/>
    <package name="src">
      <metrics ***REMOVED***atements="10" covered***REMOVED***atements="10" conditionals="0" coveredconditionals="0" methods="1" coveredmethods="1"/>
      <file name="db.js" path="/home/cameron/Desktop/collinsProject/Collins_Team_3/server/src/db.js">
        <metrics ***REMOVED***atements="1" covered***REMOVED***atements="1" conditionals="0" coveredconditionals="0" methods="0" coveredmethods="0"/>
        <line num="2" count="1" type="***REMOVED***mt"/>
      </file>
      <file name="server.js" path="/home/cameron/Desktop/collinsProject/Collins_Team_3/server/src/server.js">
        <metrics ***REMOVED***atements="9" covered***REMOVED***atements="9" conditionals="0" coveredconditionals="0" methods="1" coveredmethods="1"/>
        <line num="5" count="1" type="***REMOVED***mt"/>
        <line num="7" count="1" type="***REMOVED***mt"/>
        <line num="8" count="1" type="***REMOVED***mt"/>
        <line num="9" count="1" type="***REMOVED***mt"/>
        <line num="11" count="1" type="***REMOVED***mt"/>
        <line num="12" count="1" type="***REMOVED***mt"/>
        <line num="13" count="1" type="***REMOVED***mt"/>
        <line num="14" count="1" type="***REMOVED***mt"/>
        <line num="17" count="1" type="***REMOVED***mt"/>
      </file>
    </package>
    <package name="src.api">
      <metrics ***REMOVED***atements="8" covered***REMOVED***atements="8" conditionals="0" coveredconditionals="0" methods="0" coveredmethods="0"/>
      <file name="api.js" path="/home/cameron/Desktop/collinsProject/Collins_Team_3/server/src/api/api.js">
        <metrics ***REMOVED***atements="5" covered***REMOVED***atements="5" conditionals="0" coveredconditionals="0" methods="0" coveredmethods="0"/>
        <line num="5" count="1" type="***REMOVED***mt"/>
        <line num="8" count="1" type="***REMOVED***mt"/>
        <line num="11" count="1" type="***REMOVED***mt"/>
        <line num="14" count="1" type="***REMOVED***mt"/>
        <line num="17" count="1" type="***REMOVED***mt"/>
      </file>
      <file name="router.js" path="/home/cameron/Desktop/collinsProject/Collins_Team_3/server/src/api/router.js">
        <metrics ***REMOVED***atements="3" covered***REMOVED***atements="3" conditionals="0" coveredconditionals="0" methods="0" coveredmethods="0"/>
        <line num="9" count="1" type="***REMOVED***mt"/>
        <line num="10" count="1" type="***REMOVED***mt"/>
        <line num="11" count="1" type="***REMOVED***mt"/>
      </file>
    </package>
    <package name="src.modules">
      <metrics ***REMOVED***atements="163" covered***REMOVED***atements="56" conditionals="22" coveredconditionals="6" methods="19" coveredmethods="8"/>
      <file name="auth.js" path="/home/cameron/Desktop/collinsProject/Collins_Team_3/server/src/modules/auth.js">
        <metrics ***REMOVED***atements="23" covered***REMOVED***atements="4" conditionals="4" coveredconditionals="0" methods="2" coveredmethods="1"/>
        <line num="4" count="1" type="***REMOVED***mt"/>
        <line num="5" count="1" type="***REMOVED***mt"/>
        <line num="6" count="1" type="***REMOVED***mt"/>
        <line num="9" count="1" type="***REMOVED***mt"/>
        <line num="10" count="0" type="***REMOVED***mt"/>
        <line num="12" count="0" type="cond" truecount="0" falsecount="2"/>
        <line num="13" count="0" type="***REMOVED***mt"/>
        <line num="14" count="0" type="***REMOVED***mt"/>
        <line num="15" count="0" type="***REMOVED***mt"/>
        <line num="18" count="0" type="***REMOVED***mt"/>
        <line num="20" count="0" type="cond" truecount="0" falsecount="2"/>
        <line num="21" count="0" type="***REMOVED***mt"/>
        <line num="22" count="0" type="***REMOVED***mt"/>
        <line num="23" count="0" type="***REMOVED***mt"/>
        <line num="26" count="0" type="***REMOVED***mt"/>
        <line num="27" count="0" type="***REMOVED***mt"/>
        <line num="28" count="0" type="***REMOVED***mt"/>
        <line num="29" count="0" type="***REMOVED***mt"/>
        <line num="30" count="0" type="***REMOVED***mt"/>
        <line num="32" count="0" type="***REMOVED***mt"/>
        <line num="33" count="0" type="***REMOVED***mt"/>
        <line num="34" count="0" type="***REMOVED***mt"/>
        <line num="35" count="0" type="***REMOVED***mt"/>
      </file>
      <file name="discover.js" path="/home/cameron/Desktop/collinsProject/Collins_Team_3/server/src/modules/discover.js">
        <metrics ***REMOVED***atements="132" covered***REMOVED***atements="46" conditionals="16" coveredconditionals="5" methods="15" coveredmethods="5"/>
        <line num="5" count="2" type="***REMOVED***mt"/>
        <line num="6" count="3" type="***REMOVED***mt"/>
        <line num="10" count="3" type="***REMOVED***mt"/>
        <line num="11" count="3" type="***REMOVED***mt"/>
        <line num="17" count="3" type="***REMOVED***mt"/>
        <line num="18" count="3" type="***REMOVED***mt"/>
        <line num="21" count="2" type="***REMOVED***mt"/>
        <line num="22" count="6" type="***REMOVED***mt"/>
        <line num="26" count="6" type="***REMOVED***mt"/>
        <line num="27" count="6" type="***REMOVED***mt"/>
        <line num="30" count="2" type="***REMOVED***mt"/>
        <line num="31" count="6" type="***REMOVED***mt"/>
        <line num="32" count="6" type="***REMOVED***mt"/>
        <line num="33" count="6" type="***REMOVED***mt"/>
        <line num="34" count="6" type="***REMOVED***mt"/>
        <line num="35" count="6" type="***REMOVED***mt"/>
        <line num="41" count="6" type="***REMOVED***mt"/>
        <line num="43" count="6" type="***REMOVED***mt"/>
        <line num="45" count="6" type="cond" truecount="2" falsecount="0"/>
        <line num="46" count="3" type="***REMOVED***mt"/>
        <line num="50" count="3" type="***REMOVED***mt"/>
        <line num="51" count="3" type="***REMOVED***mt"/>
        <line num="53" count="3" type="***REMOVED***mt"/>
        <line num="55" count="6" type="***REMOVED***mt"/>
        <line num="58" count="0" type="***REMOVED***mt"/>
        <line num="59" count="0" type="***REMOVED***mt"/>
        <line num="60" count="0" type="***REMOVED***mt"/>
        <line num="61" count="0" type="***REMOVED***mt"/>
        <line num="62" count="0" type="***REMOVED***mt"/>
        <line num="66" count="2" type="***REMOVED***mt"/>
        <line num="67" count="1" type="***REMOVED***mt"/>
        <line num="68" count="1" type="***REMOVED***mt"/>
        <line num="69" count="1" type="***REMOVED***mt"/>
        <line num="70" count="1" type="***REMOVED***mt"/>
        <line num="72" count="1" type="***REMOVED***mt"/>
        <line num="74" count="1" type="cond" truecount="1" falsecount="1"/>
        <line num="75" count="1" type="***REMOVED***mt"/>
        <line num="77" count="0" type="***REMOVED***mt"/>
        <line num="80" count="1" type="***REMOVED***mt"/>
        <line num="83" count="0" type="***REMOVED***mt"/>
        <line num="84" count="0" type="***REMOVED***mt"/>
        <line num="85" count="0" type="***REMOVED***mt"/>
        <line num="86" count="0" type="***REMOVED***mt"/>
        <line num="90" count="2" type="***REMOVED***mt"/>
        <line num="92" count="2" type="***REMOVED***mt"/>
        <line num="94" count="2" type="***REMOVED***mt"/>
        <line num="95" count="2" type="***REMOVED***mt"/>
        <line num="97" count="2" type="***REMOVED***mt"/>
        <line num="98" count="2" type="***REMOVED***mt"/>
        <line num="100" count="2" type="cond" truecount="2" falsecount="0"/>
        <line num="101" count="1" type="***REMOVED***mt"/>
        <line num="103" count="1" type="***REMOVED***mt"/>
        <line num="105" count="2" type="***REMOVED***mt"/>
        <line num="107" count="0" type="***REMOVED***mt"/>
        <line num="108" count="0" type="***REMOVED***mt"/>
        <line num="109" count="0" type="***REMOVED***mt"/>
        <line num="110" count="0" type="***REMOVED***mt"/>
        <line num="114" count="2" type="***REMOVED***mt"/>
        <line num="115" count="0" type="***REMOVED***mt"/>
        <line num="116" count="0" type="***REMOVED***mt"/>
        <line num="117" count="0" type="***REMOVED***mt"/>
        <line num="118" count="0" type="cond" truecount="0" falsecount="2"/>
        <line num="119" count="0" type="***REMOVED***mt"/>
        <line num="120" count="0" type="***REMOVED***mt"/>
        <line num="122" count="0" type="***REMOVED***mt"/>
        <line num="123" count="0" type="***REMOVED***mt"/>
        <line num="124" count="0" type="***REMOVED***mt"/>
        <line num="130" count="0" type="***REMOVED***mt"/>
        <line num="132" count="0" type="***REMOVED***mt"/>
        <line num="134" count="0" type="***REMOVED***mt"/>
        <line num="136" count="0" type="cond" truecount="0" falsecount="2"/>
        <line num="137" count="0" type="***REMOVED***mt"/>
        <line num="138" count="0" type="***REMOVED***mt"/>
        <line num="141" count="0" type="***REMOVED***mt"/>
        <line num="142" count="0" type="***REMOVED***mt"/>
        <line num="143" count="0" type="***REMOVED***mt"/>
        <line num="144" count="0" type="***REMOVED***mt"/>
        <line num="145" count="0" type="***REMOVED***mt"/>
        <line num="146" count="0" type="***REMOVED***mt"/>
        <line num="147" count="0" type="***REMOVED***mt"/>
        <line num="150" count="0" type="***REMOVED***mt"/>
        <line num="152" count="0" type="***REMOVED***mt"/>
        <line num="155" count="0" type="***REMOVED***mt"/>
        <line num="157" count="0" type="***REMOVED***mt"/>
        <line num="159" count="0" type="***REMOVED***mt"/>
        <line num="160" count="0" type="***REMOVED***mt"/>
        <line num="161" count="0" type="***REMOVED***mt"/>
        <line num="165" count="2" type="***REMOVED***mt"/>
        <line num="166" count="0" type="***REMOVED***mt"/>
        <line num="167" count="0" type="***REMOVED***mt"/>
        <line num="168" count="0" type="***REMOVED***mt"/>
        <line num="169" count="0" type="***REMOVED***mt"/>
        <line num="175" count="0" type="***REMOVED***mt"/>
        <line num="176" count="0" type="cond" truecount="0" falsecount="2"/>
        <line num="178" count="0" type="***REMOVED***mt"/>
        <line num="179" count="0" type="***REMOVED***mt"/>
        <line num="180" count="0" type="***REMOVED***mt"/>
        <line num="183" count="0" type="***REMOVED***mt"/>
        <line num="184" count="0" type="***REMOVED***mt"/>
        <line num="185" count="0" type="***REMOVED***mt"/>
        <line num="187" count="0" type="***REMOVED***mt"/>
        <line num="190" count="0" type="***REMOVED***mt"/>
        <line num="191" count="0" type="***REMOVED***mt"/>
        <line num="192" count="0" type="cond" truecount="0" falsecount="2"/>
        <line num="193" count="0" type="***REMOVED***mt"/>
        <line num="196" count="0" type="***REMOVED***mt"/>
        <line num="199" count="0" type="***REMOVED***mt"/>
        <line num="201" count="0" type="***REMOVED***mt"/>
        <line num="203" count="0" type="***REMOVED***mt"/>
        <line num="204" count="0" type="***REMOVED***mt"/>
        <line num="205" count="0" type="***REMOVED***mt"/>
        <line num="209" count="2" type="***REMOVED***mt"/>
        <line num="210" count="0" type="***REMOVED***mt"/>
        <line num="211" count="0" type="***REMOVED***mt"/>
        <line num="212" count="0" type="***REMOVED***mt"/>
        <line num="214" count="0" type="***REMOVED***mt"/>
        <line num="215" count="0" type="***REMOVED***mt"/>
        <line num="217" count="0" type="***REMOVED***mt"/>
        <line num="218" count="0" type="cond" truecount="0" falsecount="2"/>
        <line num="220" count="0" type="***REMOVED***mt"/>
        <line num="222" count="0" type="***REMOVED***mt"/>
        <line num="223" count="0" type="***REMOVED***mt"/>
        <line num="224" count="0" type="***REMOVED***mt"/>
        <line num="230" count="0" type="***REMOVED***mt"/>
        <line num="232" count="0" type="***REMOVED***mt"/>
        <line num="234" count="0" type="***REMOVED***mt"/>
        <line num="235" count="0" type="***REMOVED***mt"/>
        <line num="238" count="0" type="***REMOVED***mt"/>
        <line num="240" count="0" type="***REMOVED***mt"/>
        <line num="242" count="0" type="***REMOVED***mt"/>
        <line num="244" count="0" type="***REMOVED***mt"/>
        <line num="245" count="0" type="***REMOVED***mt"/>
      </file>
      <file name="httpStatus.js" path="/home/cameron/Desktop/collinsProject/Collins_Team_3/server/src/modules/httpStatus.js">
        <metrics ***REMOVED***atements="2" covered***REMOVED***atements="2" conditionals="0" coveredconditionals="0" methods="1" coveredmethods="1"/>
        <line num="3" count="2" type="***REMOVED***mt"/>
        <line num="4" count="4" type="***REMOVED***mt"/>
      </file>
      <file name="inputValidation.js" path="/home/cameron/Desktop/collinsProject/Collins_Team_3/server/src/modules/inputValidation.js">
        <metrics ***REMOVED***atements="6" covered***REMOVED***atements="4" conditionals="2" coveredconditionals="1" methods="1" coveredmethods="1"/>
        <line num="3" count="1" type="***REMOVED***mt"/>
        <line num="4" count="2" type="***REMOVED***mt"/>
        <line num="6" count="2" type="cond" truecount="1" falsecount="1"/>
        <line num="7" count="0" type="***REMOVED***mt"/>
        <line num="8" count="0" type="***REMOVED***mt"/>
        <line num="10" count="2" type="***REMOVED***mt"/>
      </file>
    </package>
    <package name="src.services">
      <metrics ***REMOVED***atements="40" covered***REMOVED***atements="12" conditionals="4" coveredconditionals="2" methods="5" coveredmethods="1"/>
      <file name="missions.js" path="/home/cameron/Desktop/collinsProject/Collins_Team_3/server/src/services/missions.js">
        <metrics ***REMOVED***atements="16" covered***REMOVED***atements="2" conditionals="2" coveredconditionals="0" methods="2" coveredmethods="0"/>
        <line num="4" count="1" type="***REMOVED***mt"/>
        <line num="5" count="0" type="***REMOVED***mt"/>
        <line num="6" count="0" type="***REMOVED***mt"/>
        <line num="7" count="0" type="***REMOVED***mt"/>
        <line num="8" count="0" type="***REMOVED***mt"/>
        <line num="10" count="0" type="***REMOVED***mt"/>
        <line num="11" count="0" type="***REMOVED***mt"/>
        <line num="15" count="1" type="***REMOVED***mt"/>
        <line num="17" count="0" type="cond" truecount="0" falsecount="2"/>
        <line num="18" count="0" type="***REMOVED***mt"/>
        <line num="20" count="0" type="***REMOVED***mt"/>
        <line num="21" count="0" type="***REMOVED***mt"/>
        <line num="22" count="0" type="***REMOVED***mt"/>
        <line num="23" count="0" type="***REMOVED***mt"/>
        <line num="26" count="0" type="***REMOVED***mt"/>
        <line num="27" count="0" type="***REMOVED***mt"/>
      </file>
      <file name="scenes.js" path="/home/cameron/Desktop/collinsProject/Collins_Team_3/server/src/services/scenes.js">
        <metrics ***REMOVED***atements="14" covered***REMOVED***atements="2" conditionals="0" coveredconditionals="0" methods="2" coveredmethods="0"/>
        <line num="4" count="1" type="***REMOVED***mt"/>
        <line num="5" count="0" type="***REMOVED***mt"/>
        <line num="6" count="0" type="***REMOVED***mt"/>
        <line num="7" count="0" type="***REMOVED***mt"/>
        <line num="8" count="0" type="***REMOVED***mt"/>
        <line num="10" count="0" type="***REMOVED***mt"/>
        <line num="11" count="0" type="***REMOVED***mt"/>
        <line num="15" count="1" type="***REMOVED***mt"/>
        <line num="16" count="0" type="***REMOVED***mt"/>
        <line num="17" count="0" type="***REMOVED***mt"/>
        <line num="18" count="0" type="***REMOVED***mt"/>
        <line num="19" count="0" type="***REMOVED***mt"/>
        <line num="21" count="0" type="***REMOVED***mt"/>
        <line num="22" count="0" type="***REMOVED***mt"/>
      </file>
      <file name="users.js" path="/home/cameron/Desktop/collinsProject/Collins_Team_3/server/src/services/users.js">
        <metrics ***REMOVED***atements="10" covered***REMOVED***atements="8" conditionals="2" coveredconditionals="2" methods="1" coveredmethods="1"/>
        <line num="5" count="1" type="***REMOVED***mt"/>
        <line num="7" count="2" type="***REMOVED***mt"/>
        <line num="8" count="2" type="***REMOVED***mt"/>
        <line num="9" count="2" type="cond" truecount="2" falsecount="0"/>
        <line num="10" count="1" type="***REMOVED***mt"/>
        <line num="11" count="1" type="***REMOVED***mt"/>
        <line num="12" count="1" type="***REMOVED***mt"/>
        <line num="14" count="1" type="***REMOVED***mt"/>
        <line num="17" count="0" type="***REMOVED***mt"/>
        <line num="18" count="0" type="***REMOVED***mt"/>
      </file>
    </package>
    <package name="src.utils">
      <metrics ***REMOVED***atements="18" covered***REMOVED***atements="14" conditionals="9" coveredconditionals="3" methods="2" coveredmethods="2"/>
      <file name="network.js" path="/home/cameron/Desktop/collinsProject/Collins_Team_3/server/src/utils/network.js">
        <metrics ***REMOVED***atements="18" covered***REMOVED***atements="14" conditionals="9" coveredconditionals="3" methods="2" coveredmethods="2"/>
        <line num="4" count="2" type="cond" truecount="0" falsecount="2"/>
        <line num="5" count="3" type="***REMOVED***mt"/>
        <line num="6" count="3" type="***REMOVED***mt"/>
        <line num="11" count="3" type="***REMOVED***mt"/>
        <line num="12" count="3" type="***REMOVED***mt"/>
        <line num="13" count="3" type="cond" truecount="1" falsecount="1"/>
        <line num="15" count="3" type="***REMOVED***mt"/>
        <line num="21" count="0" type="***REMOVED***mt"/>
        <line num="22" count="0" type="***REMOVED***mt"/>
        <line num="27" count="2" type="cond" truecount="0" falsecount="3"/>
        <line num="28" count="6" type="***REMOVED***mt"/>
        <line num="29" count="6" type="***REMOVED***mt"/>
        <line num="36" count="6" type="***REMOVED***mt"/>
        <line num="37" count="6" type="***REMOVED***mt"/>
        <line num="38" count="6" type="cond" truecount="2" falsecount="0"/>
        <line num="40" count="6" type="***REMOVED***mt"/>
        <line num="46" count="0" type="***REMOVED***mt"/>
        <line num="47" count="0" type="***REMOVED***mt"/>
      </file>
    </package>
    <package name="te***REMOVED***s.modules">
      <metrics ***REMOVED***atements="2" covered***REMOVED***atements="2" conditionals="0" coveredconditionals="0" methods="0" coveredmethods="0"/>
      <file name="discoverTe***REMOVED***Data.js" path="/home/cameron/Desktop/collinsProject/Collins_Team_3/server/te***REMOVED***s/modules/discoverTe***REMOVED***Data.js">
        <metrics ***REMOVED***atements="2" covered***REMOVED***atements="2" conditionals="0" coveredconditionals="0" methods="0" coveredmethods="0"/>
        <line num="1" count="1" type="***REMOVED***mt"/>
        <line num="8" count="1" type="***REMOVED***mt"/>
      </file>
    </package>
  </project>
</coverage>
