{"/home/cameron/Desktop/collinsProject/Collins_Team_3/server/src/db.js": {"path":"/home/cameron/Desktop/collinsProject/Collins_Team_3/server/src/db.js","statementMap":{"0":{"start":{"line":2,"column":18},"end":{"line":2,"column":64}}},"fnMap":{},"branchMap":{},"s":{"0":1},"f":{},"b":{},"inputSourceMap":null,"_coverageSchema":"1a1c01bbd47fc00a2c39e90264f33305004495a9","hash":"bacf5083872708035c6b533c62e7bfa4882f58bd"}
,"/home/cameron/Desktop/collinsProject/Collins_Team_3/server/src/server.js": {"path":"/home/cameron/Desktop/collinsProject/Collins_Team_3/server/src/server.js","statementMap":{"0":{"start":{"line":5,"column":12},"end":{"line":5,"column":21}},"1":{"start":{"line":7,"column":0},"end":{"line":7,"column":23}},"2":{"start":{"line":8,"column":0},"end":{"line":8,"column":45}},"3":{"start":{"line":9,"column":0},"end":{"line":9,"column":15}},"4":{"start":{"line":11,"column":0},"end":{"line":15,"column":2}},"5":{"start":{"line":12,"column":4},"end":{"line":12,"column":24}},"6":{"start":{"line":13,"column":4},"end":{"line":13,"column":19}},"7":{"start":{"line":14,"column":4},"end":{"line":14,"column":32}},"8":{"start":{"line":17,"column":0},"end":{"line":17,"column":20}}},"fnMap":{"0":{"name":"(anonymous_0)","decl":{"start":{"line":11,"column":13},"end":{"line":11,"column":14}},"loc":{"start":{"line":11,"column":27},"end":{"line":15,"column":1}},"line":11}},"branchMap":{},"s":{"0":1,"1":1,"2":1,"3":1,"4":1,"5":1,"6":1,"7":1,"8":1},"f":{"0":1},"b":{},"inputSourceMap":null,"_coverageSchema":"1a1c01bbd47fc00a2c39e90264f33305004495a9","hash":"6d7b094ffbaf29b94ae275cba69463da638e1377"}
,"/home/cameron/Desktop/collinsProject/Collins_Team_3/server/src/api/api.js": {"path":"/home/cameron/Desktop/collinsProject/Collins_Team_3/server/src/api/api.js","statementMap":{"0":{"start":{"line":5,"column":15},"end":{"line":5,"column":27}},"1":{"start":{"line":8,"column":0},"end":{"line":8,"column":43}},"2":{"start":{"line":11,"column":0},"end":{"line":11,"column":52}},"3":{"start":{"line":14,"column":0},"end":{"line":14,"column":39}},"4":{"start":{"line":17,"column":0},"end":{"line":17,"column":48}}},"fnMap":{},"branchMap":{},"s":{"0":1,"1":1,"2":1,"3":1,"4":1},"f":{},"b":{},"inputSourceMap":null,"_coverageSchema":"1a1c01bbd47fc00a2c39e90264f33305004495a9","hash":"2c3589482d7993c70c58eb58bd12c89f0c38e4ab"}
,"/home/cameron/Desktop/collinsProject/Collins_Team_3/server/src/api/router.js": {"path":"/home/cameron/Desktop/collinsProject/Collins_Team_3/server/src/api/router.js","statementMap":{"0":{"start":{"line":9,"column":15},"end":{"line":9,"column":23}},"1":{"start":{"line":10,"column":0},"end":{"line":10,"column":112}},"2":{"start":{"line":11,"column":0},"end":{"line":11,"column":35}}},"fnMap":{},"branchMap":{},"s":{"0":1,"1":1,"2":1},"f":{},"b":{},"inputSourceMap":null,"_coverageSchema":"1a1c01bbd47fc00a2c39e90264f33305004495a9","hash":"bc1f0b84c5b2e58a53c3fa8d9caece81d34565dc"}
,"/home/cameron/Desktop/collinsProject/Collins_Team_3/server/src/modules/auth.js": {"path":"/home/cameron/Desktop/collinsProject/Collins_Team_3/server/src/modules/auth.js","statementMap":{"0":{"start":{"line":4,"column":25},"end":{"line":7,"column":1}},"1":{"start":{"line":5,"column":18},"end":{"line":5,"column":77}},"2":{"start":{"line":6,"column":4},"end":{"line":6,"column":16}},"3":{"start":{"line":9,"column":20},"end":{"line":37,"column":1}},"4":{"start":{"line":10,"column":19},"end":{"line":10,"column":44}},"5":{"start":{"line":12,"column":4},"end":{"line":16,"column":5}},"6":{"start":{"line":13,"column":8},"end":{"line":13,"column":23}},"7":{"start":{"line":14,"column":8},"end":{"line":14,"column":38}},"8":{"start":{"line":15,"column":8},"end":{"line":15,"column":14}},"9":{"start":{"line":18,"column":22},"end":{"line":18,"column":39}},"10":{"start":{"line":20,"column":4},"end":{"line":24,"column":5}},"11":{"start":{"line":21,"column":8},"end":{"line":21,"column":23}},"12":{"start":{"line":22,"column":8},"end":{"line":22,"column":42}},"13":{"start":{"line":23,"column":8},"end":{"line":23,"column":14}},"14":{"start":{"line":26,"column":4},"end":{"line":36,"column":5}},"15":{"start":{"line":27,"column":21},"end":{"line":27,"column":62}},"16":{"start":{"line":28,"column":8},"end":{"line":28,"column":23}},"17":{"start":{"line":29,"column":8},"end":{"line":29,"column":67}},"18":{"start":{"line":30,"column":8},"end":{"line":30,"column":14}},"19":{"start":{"line":32,"column":8},"end":{"line":32,"column":24}},"20":{"start":{"line":33,"column":8},"end":{"line":33,"column":23}},"21":{"start":{"line":34,"column":8},"end":{"line":34,"column":33}},"22":{"start":{"line":35,"column":8},"end":{"line":35,"column":14}}},"fnMap":{"0":{"name":"(anonymous_0)","decl":{"start":{"line":4,"column":25},"end":{"line":4,"column":26}},"loc":{"start":{"line":4,"column":35},"end":{"line":7,"column":1}},"line":4},"1":{"name":"(anonymous_1)","decl":{"start":{"line":9,"column":20},"end":{"line":9,"column":21}},"loc":{"start":{"line":9,"column":40},"end":{"line":37,"column":1}},"line":9}},"branchMap":{"0":{"loc":{"start":{"line":12,"column":4},"end":{"line":16,"column":5}},"type":"if","locations":[{"start":{"line":12,"column":4},"end":{"line":16,"column":5}},{"start":{},"end":{}}],"line":12},"1":{"loc":{"start":{"line":20,"column":4},"end":{"line":24,"column":5}},"type":"if","locations":[{"start":{"line":20,"column":4},"end":{"line":24,"column":5}},{"start":{},"end":{}}],"line":20}},"s":{"0":1,"1":1,"2":1,"3":1,"4":0,"5":0,"6":0,"7":0,"8":0,"9":0,"10":0,"11":0,"12":0,"13":0,"14":0,"15":0,"16":0,"17":0,"18":0,"19":0,"20":0,"21":0,"22":0},"f":{"0":1,"1":0},"b":{"0":[0,0],"1":[0,0]},"inputSourceMap":null,"_coverageSchema":"1a1c01bbd47fc00a2c39e90264f33305004495a9","hash":"51337d63e079dfa9088b7ab80c6a3f843af063e0"}
,"/home/cameron/Desktop/collinsProject/Collins_Team_3/server/src/modules/discover.js": {"path":"/home/cameron/Desktop/collinsProject/Collins_Team_3/server/src/modules/discover.js","statementMap":{"0":{"start":{"line":5,"column":23},"end":{"line":19,"column":1}},"1":{"start":{"line":6,"column":20},"end":{"line":9,"column":5}},"2":{"start":{"line":10,"column":17},"end":{"line":10,"column":63}},"3":{"start":{"line":11,"column":20},"end":{"line":15,"column":5}},"4":{"start":{"line":17,"column":18},"end":{"line":17,"column":42}},"5":{"start":{"line":18,"column":4},"end":{"line":18,"column":49}},"6":{"start":{"line":21,"column":24},"end":{"line":28,"column":1}},"7":{"start":{"line":22,"column":20},"end":{"line":25,"column":5}},"8":{"start":{"line":26,"column":18},"end":{"line":26,"column":42}},"9":{"start":{"line":27,"column":4},"end":{"line":27,"column":50}},"10":{"start":{"line":30,"column":14},"end":{"line":64,"column":1}},"11":{"start":{"line":31,"column":15},"end":{"line":31,"column":17}},"12":{"start":{"line":32,"column":4},"end":{"line":63,"column":5}},"13":{"start":{"line":33,"column":20},"end":{"line":33,"column":65}},"14":{"start":{"line":34,"column":21},"end":{"line":34,"column":119}},"15":{"start":{"line":35,"column":24},"end":{"line":40,"column":9}},"16":{"start":{"line":41,"column":21},"end":{"line":41,"column":84}},"17":{"start":{"line":43,"column":25},"end":{"line":43,"column":66}},"18":{"start":{"line":45,"column":8},"end":{"line":54,"column":9}},"19":{"start":{"line":46,"column":27},"end":{"line":49,"column":13}},"20":{"start":{"line":50,"column":12},"end":{"line":50,"column":29}},"21":{"start":{"line":51,"column":12},"end":{"line":51,"column":30}},"22":{"start":{"line":53,"column":12},"end":{"line":53,"column":53}},"23":{"start":{"line":55,"column":8},"end":{"line":55,"column":19}},"24":{"start":{"line":58,"column":8},"end":{"line":58,"column":24}},"25":{"start":{"line":59,"column":21},"end":{"line":59,"column":23}},"26":{"start":{"line":60,"column":8},"end":{"line":60,"column":25}},"27":{"start":{"line":61,"column":8},"end":{"line":61,"column":54}},"28":{"start":{"line":62,"column":8},"end":{"line":62,"column":19}},"29":{"start":{"line":66,"column":20},"end":{"line":88,"column":1}},"30":{"start":{"line":67,"column":15},"end":{"line":67,"column":17}},"31":{"start":{"line":68,"column":4},"end":{"line":87,"column":5}},"32":{"start":{"line":69,"column":20},"end":{"line":69,"column":90}},"33":{"start":{"line":70,"column":25},"end":{"line":70,"column":62}},"34":{"start":{"line":72,"column":8},"end":{"line":72,"column":37}},"35":{"start":{"line":74,"column":8},"end":{"line":78,"column":9}},"36":{"start":{"line":75,"column":12},"end":{"line":75,"column":46}},"37":{"start":{"line":77,"column":12},"end":{"line":77,"column":53}},"38":{"start":{"line":80,"column":8},"end":{"line":80,"column":19}},"39":{"start":{"line":83,"column":8},"end":{"line":83,"column":24}},"40":{"start":{"line":84,"column":8},"end":{"line":84,"column":25}},"41":{"start":{"line":85,"column":8},"end":{"line":85,"column":54}},"42":{"start":{"line":86,"column":8},"end":{"line":86,"column":19}},"43":{"start":{"line":90,"column":19},"end":{"line":112,"column":1}},"44":{"start":{"line":92,"column":15},"end":{"line":92,"column":17}},"45":{"start":{"line":94,"column":4},"end":{"line":111,"column":5}},"46":{"start":{"line":95,"column":20},"end":{"line":95,"column":102}},"47":{"start":{"line":97,"column":32},"end":{"line":97,"column":69}},"48":{"start":{"line":98,"column":8},"end":{"line":98,"column":44}},"49":{"start":{"line":100,"column":8},"end":{"line":104,"column":9}},"50":{"start":{"line":101,"column":12},"end":{"line":101,"column":44}},"51":{"start":{"line":103,"column":12},"end":{"line":103,"column":60}},"52":{"start":{"line":105,"column":8},"end":{"line":105,"column":19}},"53":{"start":{"line":107,"column":8},"end":{"line":107,"column":24}},"54":{"start":{"line":108,"column":8},"end":{"line":108,"column":25}},"55":{"start":{"line":109,"column":8},"end":{"line":109,"column":54}},"56":{"start":{"line":110,"column":8},"end":{"line":110,"column":19}},"57":{"start":{"line":114,"column":25},"end":{"line":163,"column":1}},"58":{"start":{"line":115,"column":15},"end":{"line":115,"column":17}},"59":{"start":{"line":116,"column":4},"end":{"line":162,"column":5}},"60":{"start":{"line":117,"column":32},"end":{"line":117,"column":71}},"61":{"start":{"line":118,"column":8},"end":{"line":156,"column":9}},"62":{"start":{"line":119,"column":28},"end":{"line":119,"column":48}},"63":{"start":{"line":120,"column":27},"end":{"line":120,"column":41}},"64":{"start":{"line":122,"column":24},"end":{"line":122,"column":93}},"65":{"start":{"line":123,"column":25},"end":{"line":123,"column":71}},"66":{"start":{"line":124,"column":28},"end":{"line":128,"column":13}},"67":{"start":{"line":130,"column":25},"end":{"line":130,"column":79}},"68":{"start":{"line":130,"column":61},"end":{"line":130,"column":76}},"69":{"start":{"line":132,"column":42},"end":{"line":132,"column":83}},"70":{"start":{"line":134,"column":12},"end":{"line":134,"column":54}},"71":{"start":{"line":136,"column":12},"end":{"line":153,"column":13}},"72":{"start":{"line":137,"column":34},"end":{"line":139,"column":18}},"73":{"start":{"line":138,"column":20},"end":{"line":138,"column":54}},"74":{"start":{"line":141,"column":16},"end":{"line":148,"column":17}},"75":{"start":{"line":141,"column":28},"end":{"line":141,"column":41}},"76":{"start":{"line":142,"column":20},"end":{"line":142,"column":42}},"77":{"start":{"line":143,"column":20},"end":{"line":143,"column":55}},"78":{"start":{"line":144,"column":20},"end":{"line":144,"column":68}},"79":{"start":{"line":145,"column":20},"end":{"line":145,"column":58}},"80":{"start":{"line":146,"column":20},"end":{"line":146,"column":64}},"81":{"start":{"line":147,"column":20},"end":{"line":147,"column":66}},"82":{"start":{"line":150,"column":16},"end":{"line":150,"column":34}},"83":{"start":{"line":152,"column":16},"end":{"line":152,"column":70}},"84":{"start":{"line":155,"column":12},"end":{"line":155,"column":60}},"85":{"start":{"line":157,"column":8},"end":{"line":157,"column":19}},"86":{"start":{"line":159,"column":8},"end":{"line":159,"column":24}},"87":{"start":{"line":160,"column":8},"end":{"line":160,"column":25}},"88":{"start":{"line":161,"column":8},"end":{"line":161,"column":54}},"89":{"start":{"line":165,"column":18},"end":{"line":207,"column":1}},"90":{"start":{"line":166,"column":15},"end":{"line":166,"column":17}},"91":{"start":{"line":167,"column":4},"end":{"line":206,"column":5}},"92":{"start":{"line":168,"column":21},"end":{"line":168,"column":67}},"93":{"start":{"line":169,"column":24},"end":{"line":173,"column":9}},"94":{"start":{"line":175,"column":33},"end":{"line":175,"column":62}},"95":{"start":{"line":176,"column":8},"end":{"line":200,"column":9}},"96":{"start":{"line":178,"column":29},"end":{"line":178,"column":50}},"97":{"start":{"line":179,"column":33},"end":{"line":181,"column":15}},"98":{"start":{"line":180,"column":16},"end":{"line":180,"column":57}},"99":{"start":{"line":183,"column":27},"end":{"line":188,"column":18}},"100":{"start":{"line":184,"column":16},"end":{"line":186,"column":19}},"101":{"start":{"line":185,"column":20},"end":{"line":185,"column":35}},"102":{"start":{"line":187,"column":16},"end":{"line":187,"column":26}},"103":{"start":{"line":190,"column":24},"end":{"line":190,"column":93}},"104":{"start":{"line":191,"column":42},"end":{"line":191,"column":101}},"105":{"start":{"line":192,"column":12},"end":{"line":197,"column":13}},"106":{"start":{"line":193,"column":16},"end":{"line":193,"column":95}},"107":{"start":{"line":196,"column":16},"end":{"line":196,"column":70}},"108":{"start":{"line":199,"column":12},"end":{"line":199,"column":61}},"109":{"start":{"line":201,"column":8},"end":{"line":201,"column":19}},"110":{"start":{"line":203,"column":8},"end":{"line":203,"column":24}},"111":{"start":{"line":204,"column":8},"end":{"line":204,"column":25}},"112":{"start":{"line":205,"column":8},"end":{"line":205,"column":54}},"113":{"start":{"line":209,"column":23},"end":{"line":247,"column":1}},"114":{"start":{"line":210,"column":15},"end":{"line":210,"column":17}},"115":{"start":{"line":211,"column":4},"end":{"line":246,"column":5}},"116":{"start":{"line":212,"column":20},"end":{"line":212,"column":88}},"117":{"start":{"line":214,"column":37},"end":{"line":214,"column":74}},"118":{"start":{"line":215,"column":25},"end":{"line":215,"column":76}},"119":{"start":{"line":217,"column":30},"end":{"line":217,"column":72}},"120":{"start":{"line":218,"column":8},"end":{"line":241,"column":9}},"121":{"start":{"line":220,"column":30},"end":{"line":220,"column":74}},"122":{"start":{"line":222,"column":24},"end":{"line":222,"column":93}},"123":{"start":{"line":223,"column":25},"end":{"line":223,"column":71}},"124":{"start":{"line":224,"column":28},"end":{"line":228,"column":13}},"125":{"start":{"line":230,"column":25},"end":{"line":230,"column":89}},"126":{"start":{"line":230,"column":64},"end":{"line":230,"column":86}},"127":{"start":{"line":232,"column":34},"end":{"line":232,"column":75}},"128":{"start":{"line":234,"column":27},"end":{"line":236,"column":14}},"129":{"start":{"line":235,"column":16},"end":{"line":235,"column":50}},"130":{"start":{"line":238,"column":12},"end":{"line":238,"column":46}},"131":{"start":{"line":240,"column":12},"end":{"line":240,"column":58}},"132":{"start":{"line":242,"column":8},"end":{"line":242,"column":19}},"133":{"start":{"line":244,"column":8},"end":{"line":244,"column":24}},"134":{"start":{"line":245,"column":8},"end":{"line":245,"column":15}}},"fnMap":{"0":{"name":"(anonymous_0)","decl":{"start":{"line":5,"column":23},"end":{"line":5,"column":24}},"loc":{"start":{"line":5,"column":49},"end":{"line":19,"column":1}},"line":5},"1":{"name":"(anonymous_1)","decl":{"start":{"line":21,"column":24},"end":{"line":21,"column":25}},"loc":{"start":{"line":21,"column":53},"end":{"line":28,"column":1}},"line":21},"2":{"name":"(anonymous_2)","decl":{"start":{"line":30,"column":14},"end":{"line":30,"column":15}},"loc":{"start":{"line":30,"column":44},"end":{"line":64,"column":1}},"line":30},"3":{"name":"(anonymous_3)","decl":{"start":{"line":66,"column":20},"end":{"line":66,"column":21}},"loc":{"start":{"line":66,"column":42},"end":{"line":88,"column":1}},"line":66},"4":{"name":"(anonymous_4)","decl":{"start":{"line":90,"column":19},"end":{"line":90,"column":20}},"loc":{"start":{"line":90,"column":52},"end":{"line":112,"column":1}},"line":90},"5":{"name":"(anonymous_5)","decl":{"start":{"line":114,"column":25},"end":{"line":114,"column":26}},"loc":{"start":{"line":114,"column":58},"end":{"line":163,"column":1}},"line":114},"6":{"name":"(anonymous_6)","decl":{"start":{"line":130,"column":51},"end":{"line":130,"column":52}},"loc":{"start":{"line":130,"column":60},"end":{"line":130,"column":77}},"line":130},"7":{"name":"(anonymous_7)","decl":{"start":{"line":137,"column":65},"end":{"line":137,"column":66}},"loc":{"start":{"line":137,"column":81},"end":{"line":139,"column":17}},"line":137},"8":{"name":"(anonymous_8)","decl":{"start":{"line":165,"column":18},"end":{"line":165,"column":19}},"loc":{"start":{"line":165,"column":40},"end":{"line":207,"column":1}},"line":165},"9":{"name":"(anonymous_9)","decl":{"start":{"line":179,"column":64},"end":{"line":179,"column":65}},"loc":{"start":{"line":179,"column":75},"end":{"line":181,"column":13}},"line":179},"10":{"name":"(anonymous_10)","decl":{"start":{"line":183,"column":47},"end":{"line":183,"column":48}},"loc":{"start":{"line":183,"column":69},"end":{"line":188,"column":13}},"line":183},"11":{"name":"(anonymous_11)","decl":{"start":{"line":184,"column":56},"end":{"line":184,"column":57}},"loc":{"start":{"line":184,"column":65},"end":{"line":186,"column":17}},"line":184},"12":{"name":"(anonymous_12)","decl":{"start":{"line":209,"column":23},"end":{"line":209,"column":24}},"loc":{"start":{"line":209,"column":54},"end":{"line":247,"column":1}},"line":209},"13":{"name":"(anonymous_13)","decl":{"start":{"line":230,"column":54},"end":{"line":230,"column":55}},"loc":{"start":{"line":230,"column":63},"end":{"line":230,"column":87}},"line":230},"14":{"name":"(anonymous_14)","decl":{"start":{"line":234,"column":50},"end":{"line":234,"column":51}},"loc":{"start":{"line":234,"column":66},"end":{"line":236,"column":13}},"line":234}},"branchMap":{"0":{"loc":{"start":{"line":45,"column":8},"end":{"line":54,"column":9}},"type":"if","locations":[{"start":{"line":45,"column":8},"end":{"line":54,"column":9}},{"start":{"line":52,"column":13},"end":{"line":54,"column":9}}],"line":45},"1":{"loc":{"start":{"line":74,"column":8},"end":{"line":78,"column":9}},"type":"if","locations":[{"start":{"line":74,"column":8},"end":{"line":78,"column":9}},{"start":{"line":76,"column":13},"end":{"line":78,"column":9}}],"line":74},"2":{"loc":{"start":{"line":100,"column":8},"end":{"line":104,"column":9}},"type":"if","locations":[{"start":{"line":100,"column":8},"end":{"line":104,"column":9}},{"start":{"line":102,"column":13},"end":{"line":104,"column":9}}],"line":100},"3":{"loc":{"start":{"line":118,"column":8},"end":{"line":156,"column":9}},"type":"if","locations":[{"start":{"line":118,"column":8},"end":{"line":156,"column":9}},{"start":{"line":154,"column":13},"end":{"line":156,"column":9}}],"line":118},"4":{"loc":{"start":{"line":136,"column":12},"end":{"line":153,"column":13}},"type":"if","locations":[{"start":{"line":136,"column":12},"end":{"line":153,"column":13}},{"start":{"line":151,"column":17},"end":{"line":153,"column":13}}],"line":136},"5":{"loc":{"start":{"line":176,"column":8},"end":{"line":200,"column":9}},"type":"if","locations":[{"start":{"line":176,"column":8},"end":{"line":200,"column":9}},{"start":{"line":198,"column":13},"end":{"line":200,"column":9}}],"line":176},"6":{"loc":{"start":{"line":192,"column":12},"end":{"line":197,"column":13}},"type":"if","locations":[{"start":{"line":192,"column":12},"end":{"line":197,"column":13}},{"start":{"line":195,"column":16},"end":{"line":197,"column":13}}],"line":192},"7":{"loc":{"start":{"line":218,"column":8},"end":{"line":241,"column":9}},"type":"if","locations":[{"start":{"line":218,"column":8},"end":{"line":241,"column":9}},{"start":{"line":239,"column":13},"end":{"line":241,"column":9}}],"line":218}},"s":{"0":2,"1":3,"2":3,"3":3,"4":3,"5":3,"6":2,"7":6,"8":6,"9":6,"10":2,"11":6,"12":6,"13":6,"14":6,"15":6,"16":6,"17":6,"18":6,"19":3,"20":3,"21":3,"22":3,"23":6,"24":0,"25":0,"26":0,"27":0,"28":0,"29":2,"30":1,"31":1,"32":1,"33":1,"34":1,"35":1,"36":1,"37":0,"38":1,"39":0,"40":0,"41":0,"42":0,"43":2,"44":2,"45":2,"46":2,"47":2,"48":2,"49":2,"50":1,"51":1,"52":2,"53":0,"54":0,"55":0,"56":0,"57":2,"58":0,"59":0,"60":0,"61":0,"62":0,"63":0,"64":0,"65":0,"66":0,"67":0,"68":0,"69":0,"70":0,"71":0,"72":0,"73":0,"74":0,"75":0,"76":0,"77":0,"78":0,"79":0,"80":0,"81":0,"82":0,"83":0,"84":0,"85":0,"86":0,"87":0,"88":0,"89":2,"90":0,"91":0,"92":0,"93":0,"94":0,"95":0,"96":0,"97":0,"98":0,"99":0,"100":0,"101":0,"102":0,"103":0,"104":0,"105":0,"106":0,"107":0,"108":0,"109":0,"110":0,"111":0,"112":0,"113":2,"114":0,"115":0,"116":0,"117":0,"118":0,"119":0,"120":0,"121":0,"122":0,"123":0,"124":0,"125":0,"126":0,"127":0,"128":0,"129":0,"130":0,"131":0,"132":0,"133":0,"134":0},"f":{"0":3,"1":6,"2":6,"3":1,"4":2,"5":0,"6":0,"7":0,"8":0,"9":0,"10":0,"11":0,"12":0,"13":0,"14":0},"b":{"0":[3,3],"1":[1,0],"2":[1,1],"3":[0,0],"4":[0,0],"5":[0,0],"6":[0,0],"7":[0,0]},"inputSourceMap":null,"_coverageSchema":"1a1c01bbd47fc00a2c39e90264f33305004495a9","hash":"7cf05ed3ed94e65d02dfe752eb522c0d1bc1beee"}
,"/home/cameron/Desktop/collinsProject/Collins_Team_3/server/src/modules/httpStatus.js": {"path":"/home/cameron/Desktop/collinsProject/Collins_Team_3/server/src/modules/httpStatus.js","statementMap":{"0":{"start":{"line":3,"column":26},"end":{"line":5,"column":1}},"1":{"start":{"line":4,"column":4},"end":{"line":4,"column":61}}},"fnMap":{"0":{"name":"(anonymous_0)","decl":{"start":{"line":3,"column":26},"end":{"line":3,"column":27}},"loc":{"start":{"line":3,"column":38},"end":{"line":5,"column":1}},"line":3}},"branchMap":{},"s":{"0":2,"1":4},"f":{"0":4},"b":{},"inputSourceMap":null,"_coverageSchema":"1a1c01bbd47fc00a2c39e90264f33305004495a9","hash":"24ceac74c37c10db3083d5caf53023151a939ae1"}
,"/home/cameron/Desktop/collinsProject/Collins_Team_3/server/src/modules/inputValidation.js": {"path":"/home/cameron/Desktop/collinsProject/Collins_Team_3/server/src/modules/inputValidation.js","statementMap":{"0":{"start":{"line":3,"column":33},"end":{"line":11,"column":1}},"1":{"start":{"line":4,"column":19},"end":{"line":4,"column":40}},"2":{"start":{"line":6,"column":4},"end":{"line":10,"column":15}},"3":{"start":{"line":7,"column":8},"end":{"line":7,"column":23}},"4":{"start":{"line":8,"column":8},"end":{"line":8,"column":42}},"5":{"start":{"line":10,"column":9},"end":{"line":10,"column":15}}},"fnMap":{"0":{"name":"(anonymous_0)","decl":{"start":{"line":3,"column":33},"end":{"line":3,"column":34}},"loc":{"start":{"line":3,"column":53},"end":{"line":11,"column":1}},"line":3}},"branchMap":{"0":{"loc":{"start":{"line":6,"column":4},"end":{"line":10,"column":15}},"type":"if","locations":[{"start":{"line":6,"column":4},"end":{"line":10,"column":15}},{"start":{"line":10,"column":9},"end":{"line":10,"column":15}}],"line":6}},"s":{"0":1,"1":2,"2":2,"3":0,"4":0,"5":2},"f":{"0":2},"b":{"0":[0,2]},"inputSourceMap":null,"_coverageSchema":"1a1c01bbd47fc00a2c39e90264f33305004495a9","hash":"3c6e367c9a081bafaef81fe4354239c38ffc0199"}
,"/home/cameron/Desktop/collinsProject/Collins_Team_3/server/src/services/missions.js": {"path":"/home/cameron/Desktop/collinsProject/Collins_Team_3/server/src/services/missions.js","statementMap":{"0":{"start":{"line":4,"column":27},"end":{"line":13,"column":1}},"1":{"start":{"line":5,"column":4},"end":{"line":12,"column":5}},"2":{"start":{"line":6,"column":27},"end":{"line":6,"column":59}},"3":{"start":{"line":7,"column":25},"end":{"line":7,"column":54}},"4":{"start":{"line":8,"column":8},"end":{"line":8,"column":63}},"5":{"start":{"line":10,"column":8},"end":{"line":10,"column":24}},"6":{"start":{"line":11,"column":8},"end":{"line":11,"column":64}},"7":{"start":{"line":15,"column":32},"end":{"line":30,"column":1}},"8":{"start":{"line":17,"column":4},"end":{"line":29,"column":5}},"9":{"start":{"line":18,"column":8},"end":{"line":18,"column":54}},"10":{"start":{"line":20,"column":8},"end":{"line":28,"column":9}},"11":{"start":{"line":21,"column":31},"end":{"line":21,"column":63}},"12":{"start":{"line":22,"column":42},"end":{"line":22,"column":91}},"13":{"start":{"line":23,"column":12},"end":{"line":23,"column":93}},"14":{"start":{"line":26,"column":12},"end":{"line":26,"column":28}},"15":{"start":{"line":27,"column":12},"end":{"line":27,"column":67}}},"fnMap":{"0":{"name":"(anonymous_0)","decl":{"start":{"line":4,"column":27},"end":{"line":4,"column":28}},"loc":{"start":{"line":4,"column":47},"end":{"line":13,"column":1}},"line":4},"1":{"name":"(anonymous_1)","decl":{"start":{"line":15,"column":32},"end":{"line":15,"column":33}},"loc":{"start":{"line":15,"column":52},"end":{"line":30,"column":1}},"line":15}},"branchMap":{"0":{"loc":{"start":{"line":17,"column":4},"end":{"line":29,"column":5}},"type":"if","locations":[{"start":{"line":17,"column":4},"end":{"line":29,"column":5}},{"start":{"line":19,"column":9},"end":{"line":29,"column":5}}],"line":17}},"s":{"0":1,"1":0,"2":0,"3":0,"4":0,"5":0,"6":0,"7":1,"8":0,"9":0,"10":0,"11":0,"12":0,"13":0,"14":0,"15":0},"f":{"0":0,"1":0},"b":{"0":[0,0]},"inputSourceMap":null,"_coverageSchema":"1a1c01bbd47fc00a2c39e90264f33305004495a9","hash":"6fec54f70ec681c13766b6a06a8f7584c38662ee"}
,"/home/cameron/Desktop/collinsProject/Collins_Team_3/server/src/services/scenes.js": {"path":"/home/cameron/Desktop/collinsProject/Collins_Team_3/server/src/services/scenes.js","statementMap":{"0":{"start":{"line":4,"column":25},"end":{"line":13,"column":1}},"1":{"start":{"line":5,"column":4},"end":{"line":12,"column":5}},"2":{"start":{"line":6,"column":27},"end":{"line":6,"column":59}},"3":{"start":{"line":7,"column":23},"end":{"line":7,"column":50}},"4":{"start":{"line":8,"column":8},"end":{"line":8,"column":59}},"5":{"start":{"line":10,"column":8},"end":{"line":10,"column":24}},"6":{"start":{"line":11,"column":8},"end":{"line":11,"column":64}},"7":{"start":{"line":15,"column":30},"end":{"line":24,"column":5}},"8":{"start":{"line":16,"column":8},"end":{"line":23,"column":9}},"9":{"start":{"line":17,"column":31},"end":{"line":17,"column":63}},"10":{"start":{"line":18,"column":27},"end":{"line":18,"column":74}},"11":{"start":{"line":19,"column":12},"end":{"line":19,"column":63}},"12":{"start":{"line":21,"column":8},"end":{"line":21,"column":24}},"13":{"start":{"line":22,"column":8},"end":{"line":22,"column":64}}},"fnMap":{"0":{"name":"(anonymous_0)","decl":{"start":{"line":4,"column":25},"end":{"line":4,"column":26}},"loc":{"start":{"line":4,"column":44},"end":{"line":13,"column":1}},"line":4},"1":{"name":"(anonymous_1)","decl":{"start":{"line":15,"column":30},"end":{"line":15,"column":31}},"loc":{"start":{"line":15,"column":49},"end":{"line":24,"column":5}},"line":15}},"branchMap":{},"s":{"0":1,"1":0,"2":0,"3":0,"4":0,"5":0,"6":0,"7":1,"8":0,"9":0,"10":0,"11":0,"12":0,"13":0},"f":{"0":0,"1":0},"b":{},"inputSourceMap":null,"_coverageSchema":"1a1c01bbd47fc00a2c39e90264f33305004495a9","hash":"9f3f3e70ec37f2c97ec704eef88b75351f37c195"}
,"/home/cameron/Desktop/collinsProject/Collins_Team_3/server/src/services/users.js": {"path":"/home/cameron/Desktop/collinsProject/Collins_Team_3/server/src/services/users.js","statementMap":{"0":{"start":{"line":5,"column":21},"end":{"line":21,"column":1}},"1":{"start":{"line":7,"column":4},"end":{"line":19,"column":5}},"2":{"start":{"line":8,"column":23},"end":{"line":8,"column":72}},"3":{"start":{"line":9,"column":8},"end":{"line":15,"column":9}},"4":{"start":{"line":10,"column":12},"end":{"line":10,"column":57}},"5":{"start":{"line":11,"column":24},"end":{"line":11,"column":64}},"6":{"start":{"line":12,"column":12},"end":{"line":12,"column":34}},"7":{"start":{"line":14,"column":12},"end":{"line":14,"column":63}},"8":{"start":{"line":17,"column":8},"end":{"line":17,"column":24}},"9":{"start":{"line":18,"column":8},"end":{"line":18,"column":64}}},"fnMap":{"0":{"name":"(anonymous_0)","decl":{"start":{"line":5,"column":21},"end":{"line":5,"column":22}},"loc":{"start":{"line":5,"column":41},"end":{"line":21,"column":1}},"line":5}},"branchMap":{"0":{"loc":{"start":{"line":9,"column":8},"end":{"line":15,"column":9}},"type":"if","locations":[{"start":{"line":9,"column":8},"end":{"line":15,"column":9}},{"start":{"line":13,"column":13},"end":{"line":15,"column":9}}],"line":9}},"s":{"0":1,"1":2,"2":2,"3":2,"4":1,"5":1,"6":1,"7":1,"8":0,"9":0},"f":{"0":2},"b":{"0":[1,1]},"inputSourceMap":null,"_coverageSchema":"1a1c01bbd47fc00a2c39e90264f33305004495a9","hash":"c5c1a0e2e5f7e63ad673108d859f7b016bd8a1ea"}
,"/home/cameron/Desktop/collinsProject/Collins_Team_3/server/src/utils/network.js": {"path":"/home/cameron/Desktop/collinsProject/Collins_Team_3/server/src/utils/network.js","statementMap":{"0":{"start":{"line":4,"column":12},"end":{"line":24,"column":1}},"1":{"start":{"line":5,"column":4},"end":{"line":23,"column":5}},"2":{"start":{"line":6,"column":20},"end":{"line":10,"column":11}},"3":{"start":{"line":11,"column":27},"end":{"line":11,"column":37}},"4":{"start":{"line":12,"column":24},"end":{"line":12,"column":40}},"5":{"start":{"line":13,"column":24},"end":{"line":13,"column":63}},"6":{"start":{"line":15,"column":8},"end":{"line":18,"column":9}},"7":{"start":{"line":21,"column":8},"end":{"line":21,"column":24}},"8":{"start":{"line":22,"column":8},"end":{"line":22,"column":19}},"9":{"start":{"line":27,"column":13},"end":{"line":49,"column":1}},"10":{"start":{"line":28,"column":4},"end":{"line":48,"column":5}},"11":{"start":{"line":29,"column":20},"end":{"line":34,"column":11}},"12":{"start":{"line":36,"column":27},"end":{"line":36,"column":37}},"13":{"start":{"line":37,"column":24},"end":{"line":37,"column":40}},"14":{"start":{"line":38,"column":24},"end":{"line":38,"column":63}},"15":{"start":{"line":40,"column":8},"end":{"line":43,"column":9}},"16":{"start":{"line":46,"column":8},"end":{"line":46,"column":24}},"17":{"start":{"line":47,"column":8},"end":{"line":47,"column":19}}},"fnMap":{"0":{"name":"(anonymous_0)","decl":{"start":{"line":4,"column":12},"end":{"line":4,"column":13}},"loc":{"start":{"line":4,"column":60},"end":{"line":24,"column":1}},"line":4},"1":{"name":"(anonymous_1)","decl":{"start":{"line":27,"column":13},"end":{"line":27,"column":14}},"loc":{"start":{"line":27,"column":72},"end":{"line":49,"column":1}},"line":27}},"branchMap":{"0":{"loc":{"start":{"line":4,"column":24},"end":{"line":4,"column":36}},"type":"default-arg","locations":[{"start":{"line":4,"column":34},"end":{"line":4,"column":36}}],"line":4},"1":{"loc":{"start":{"line":4,"column":38},"end":{"line":4,"column":55}},"type":"default-arg","locations":[{"start":{"line":4,"column":46},"end":{"line":4,"column":55}}],"line":4},"2":{"loc":{"start":{"line":13,"column":24},"end":{"line":13,"column":63}},"type":"cond-expr","locations":[{"start":{"line":13,"column":40},"end":{"line":13,"column":42}},{"start":{"line":13,"column":44},"end":{"line":13,"column":63}}],"line":13},"3":{"loc":{"start":{"line":27,"column":25},"end":{"line":27,"column":37}},"type":"default-arg","locations":[{"start":{"line":27,"column":35},"end":{"line":27,"column":37}}],"line":27},"4":{"loc":{"start":{"line":27,"column":39},"end":{"line":27,"column":48}},"type":"default-arg","locations":[{"start":{"line":27,"column":46},"end":{"line":27,"column":48}}],"line":27},"5":{"loc":{"start":{"line":27,"column":50},"end":{"line":27,"column":67}},"type":"default-arg","locations":[{"start":{"line":27,"column":58},"end":{"line":27,"column":67}}],"line":27},"6":{"loc":{"start":{"line":38,"column":24},"end":{"line":38,"column":63}},"type":"cond-expr","locations":[{"start":{"line":38,"column":40},"end":{"line":38,"column":42}},{"start":{"line":38,"column":44},"end":{"line":38,"column":63}}],"line":38}},"s":{"0":2,"1":3,"2":3,"3":3,"4":3,"5":3,"6":3,"7":0,"8":0,"9":2,"10":6,"11":6,"12":6,"13":6,"14":6,"15":6,"16":0,"17":0},"f":{"0":3,"1":6},"b":{"0":[0],"1":[0],"2":[0,3],"3":[0],"4":[0],"5":[0],"6":[3,3]},"inputSourceMap":null,"_coverageSchema":"1a1c01bbd47fc00a2c39e90264f33305004495a9","hash":"30b563769f220c980fb28fc9e7733b66b80366d2"}
,"/home/cameron/Desktop/collinsProject/Collins_Team_3/server/tests/modules/discoverTestData.js": {"path":"/home/cameron/Desktop/collinsProject/Collins_Team_3/server/tests/modules/discoverTestData.js","statementMap":{"0":{"start":{"line":1,"column":27},"end":{"line":6,"column":1}},"1":{"start":{"line":8,"column":33},"end":{"line":15,"column":1}}},"fnMap":{},"branchMap":{},"s":{"0":1,"1":1},"f":{},"b":{},"inputSourceMap":null,"_coverageSchema":"1a1c01bbd47fc00a2c39e90264f33305004495a9","hash":"de677ae700dbfe104b805fdf92692f134deba422"}
}
