TN:
SF:src/db.js
FNF:0
FNH:0
DA:2,1
LF:1
LH:1
BRF:0
BRH:0
end_of_record
TN:
SF:src/server.js
FN:11,(anonymous_0)
FNF:1
FNH:1
FNDA:1,(anonymous_0)
DA:5,1
DA:7,1
DA:8,1
DA:9,1
DA:11,1
DA:12,1
DA:13,1
DA:14,1
DA:17,1
LF:9
LH:9
BRF:0
BRH:0
end_of_record
TN:
SF:src/api/api.js
FNF:0
FNH:0
DA:5,1
DA:8,1
DA:11,1
DA:14,1
DA:17,1
LF:5
LH:5
BRF:0
BRH:0
end_of_record
TN:
SF:src/api/router.js
FNF:0
FNH:0
DA:9,1
DA:10,1
DA:11,1
LF:3
LH:3
BRF:0
BRH:0
end_of_record
TN:
SF:src/modules/auth.js
FN:4,(anonymous_0)
FN:9,(anonymous_1)
FNF:2
FNH:1
FNDA:1,(anonymous_0)
FNDA:0,(anonymous_1)
DA:4,1
DA:5,1
DA:6,1
DA:9,1
DA:10,0
DA:12,0
DA:13,0
DA:14,0
DA:15,0
DA:18,0
DA:20,0
DA:21,0
DA:22,0
DA:23,0
DA:26,0
DA:27,0
DA:28,0
DA:29,0
DA:30,0
DA:32,0
DA:33,0
DA:34,0
DA:35,0
LF:23
LH:4
BRDA:12,0,0,0
BRDA:12,0,1,0
BRDA:20,1,0,0
BRDA:20,1,1,0
BRF:4
BRH:0
end_of_record
TN:
SF:src/modules/discover.js
FN:5,(anonymous_0)
FN:21,(anonymous_1)
FN:30,(anonymous_2)
FN:66,(anonymous_3)
FN:90,(anonymous_4)
FN:114,(anonymous_5)
FN:130,(anonymous_6)
FN:137,(anonymous_7)
FN:165,(anonymous_8)
FN:179,(anonymous_9)
FN:183,(anonymous_10)
FN:184,(anonymous_11)
FN:209,(anonymous_12)
FN:230,(anonymous_13)
FN:234,(anonymous_14)
FNF:15
FNH:5
FNDA:3,(anonymous_0)
FNDA:6,(anonymous_1)
FNDA:6,(anonymous_2)
FNDA:1,(anonymous_3)
FNDA:2,(anonymous_4)
FNDA:0,(anonymous_5)
FNDA:0,(anonymous_6)
FNDA:0,(anonymous_7)
FNDA:0,(anonymous_8)
FNDA:0,(anonymous_9)
FNDA:0,(anonymous_10)
FNDA:0,(anonymous_11)
FNDA:0,(anonymous_12)
FNDA:0,(anonymous_13)
FNDA:0,(anonymous_14)
DA:5,2
DA:6,3
DA:10,3
DA:11,3
DA:17,3
DA:18,3
DA:21,2
DA:22,6
DA:26,6
DA:27,6
DA:30,2
DA:31,6
DA:32,6
DA:33,6
DA:34,6
DA:35,6
DA:41,6
DA:43,6
DA:45,6
DA:46,3
DA:50,3
DA:51,3
DA:53,3
DA:55,6
DA:58,0
DA:59,0
DA:60,0
DA:61,0
DA:62,0
DA:66,2
DA:67,1
DA:68,1
DA:69,1
DA:70,1
DA:72,1
DA:74,1
DA:75,1
DA:77,0
DA:80,1
DA:83,0
DA:84,0
DA:85,0
DA:86,0
DA:90,2
DA:92,2
DA:94,2
DA:95,2
DA:97,2
DA:98,2
DA:100,2
DA:101,1
DA:103,1
DA:105,2
DA:107,0
DA:108,0
DA:109,0
DA:110,0
DA:114,2
DA:115,0
DA:116,0
DA:117,0
DA:118,0
DA:119,0
DA:120,0
DA:122,0
DA:123,0
DA:124,0
DA:130,0
DA:132,0
DA:134,0
DA:136,0
DA:137,0
DA:138,0
DA:141,0
DA:142,0
DA:143,0
DA:144,0
DA:145,0
DA:146,0
DA:147,0
DA:150,0
DA:152,0
DA:155,0
DA:157,0
DA:159,0
DA:160,0
DA:161,0
DA:165,2
DA:166,0
DA:167,0
DA:168,0
DA:169,0
DA:175,0
DA:176,0
DA:178,0
DA:179,0
DA:180,0
DA:183,0
DA:184,0
DA:185,0
DA:187,0
DA:190,0
DA:191,0
DA:192,0
DA:193,0
DA:196,0
DA:199,0
DA:201,0
DA:203,0
DA:204,0
DA:205,0
DA:209,2
DA:210,0
DA:211,0
DA:212,0
DA:214,0
DA:215,0
DA:217,0
DA:218,0
DA:220,0
DA:222,0
DA:223,0
DA:224,0
DA:230,0
DA:232,0
DA:234,0
DA:235,0
DA:238,0
DA:240,0
DA:242,0
DA:244,0
DA:245,0
LF:132
LH:46
BRDA:45,0,0,3
BRDA:45,0,1,3
BRDA:74,1,0,1
BRDA:74,1,1,0
BRDA:100,2,0,1
BRDA:100,2,1,1
BRDA:118,3,0,0
BRDA:118,3,1,0
BRDA:136,4,0,0
BRDA:136,4,1,0
BRDA:176,5,0,0
BRDA:176,5,1,0
BRDA:192,6,0,0
BRDA:192,6,1,0
BRDA:218,7,0,0
BRDA:218,7,1,0
BRF:16
BRH:5
end_of_record
TN:
SF:src/modules/httpStatus.js
FN:3,(anonymous_0)
FNF:1
FNH:1
FNDA:4,(anonymous_0)
DA:3,2
DA:4,4
LF:2
LH:2
BRF:0
BRH:0
end_of_record
TN:
SF:src/modules/inputValidation.js
FN:3,(anonymous_0)
FNF:1
FNH:1
FNDA:2,(anonymous_0)
DA:3,1
DA:4,2
DA:6,2
DA:7,0
DA:8,0
DA:10,2
LF:6
LH:4
BRDA:6,0,0,0
BRDA:6,0,1,2
BRF:2
BRH:1
end_of_record
TN:
SF:src/services/missions.js
FN:4,(anonymous_0)
FN:15,(anonymous_1)
FNF:2
FNH:0
FNDA:0,(anonymous_0)
FNDA:0,(anonymous_1)
DA:4,1
DA:5,0
DA:6,0
DA:7,0
DA:8,0
DA:10,0
DA:11,0
DA:15,1
DA:17,0
DA:18,0
DA:20,0
DA:21,0
DA:22,0
DA:23,0
DA:26,0
DA:27,0
LF:16
LH:2
BRDA:17,0,0,0
BRDA:17,0,1,0
BRF:2
BRH:0
end_of_record
TN:
SF:src/services/scenes.js
FN:4,(anonymous_0)
FN:15,(anonymous_1)
FNF:2
FNH:0
FNDA:0,(anonymous_0)
FNDA:0,(anonymous_1)
DA:4,1
DA:5,0
DA:6,0
DA:7,0
DA:8,0
DA:10,0
DA:11,0
DA:15,1
DA:16,0
DA:17,0
DA:18,0
DA:19,0
DA:21,0
DA:22,0
LF:14
LH:2
BRF:0
BRH:0
end_of_record
TN:
SF:src/services/users.js
FN:5,(anonymous_0)
FNF:1
FNH:1
FNDA:2,(anonymous_0)
DA:5,1
DA:7,2
DA:8,2
DA:9,2
DA:10,1
DA:11,1
DA:12,1
DA:14,1
DA:17,0
DA:18,0
LF:10
LH:8
BRDA:9,0,0,1
BRDA:9,0,1,1
BRF:2
BRH:2
end_of_record
TN:
SF:src/utils/network.js
FN:4,(anonymous_0)
FN:27,(anonymous_1)
FNF:2
FNH:2
FNDA:3,(anonymous_0)
FNDA:6,(anonymous_1)
DA:4,2
DA:5,3
DA:6,3
DA:11,3
DA:12,3
DA:13,3
DA:15,3
DA:21,0
DA:22,0
DA:27,2
DA:28,6
DA:29,6
DA:36,6
DA:37,6
DA:38,6
DA:40,6
DA:46,0
DA:47,0
LF:18
LH:14
BRDA:4,0,0,0
BRDA:4,1,0,0
BRDA:13,2,0,0
BRDA:13,2,1,3
BRDA:27,3,0,0
BRDA:27,4,0,0
BRDA:27,5,0,0
BRDA:38,6,0,3
BRDA:38,6,1,3
BRF:9
BRH:3
end_of_record
TN:
SF:te***REMOVED***s/modules/discoverTe***REMOVED***Data.js
FNF:0
FNH:0
DA:1,1
DA:8,1
LF:2
LH:2
BRF:0
BRH:0
end_of_record
